0 info it worked if it ends with ok
1 verbose cli [ '/usr/bin/node', '/usr/bin/npm', 'install', '-g', 'protractor' ]
2 info using npm@1.4.28
3 info using node@v0.10.35
4 verbose node symlink /usr/bin/node
5 verbose cache add [ 'protractor', null ]
6 verbose cache add name=undefined spec="protractor" args=["protractor",null]
7 verbose parsed url { protocol: null,
7 verbose parsed url   slashes: null,
7 verbose parsed url   auth: null,
7 verbose parsed url   host: null,
7 verbose parsed url   port: null,
7 verbose parsed url   hostname: null,
7 verbose parsed url   hash: null,
7 verbose parsed url   search: null,
7 verbose parsed url   query: null,
7 verbose parsed url   pathname: 'protractor',
7 verbose parsed url   path: 'protractor',
7 verbose parsed url   href: 'protractor' }
8 silly lockFile 4f4f4858-protractor protractor
9 verbose lock protractor /home/cntsistemas/.npm/4f4f4858-protractor.lock
10 silly lockFile 4f4f4858-protractor protractor
11 silly lockFile 4f4f4858-protractor protractor
12 verbose addNamed [ 'protractor', '' ]
13 verbose addNamed [ null, '*' ]
14 silly lockFile 80d5ca5a-protractor protractor@
15 verbose lock protractor@ /home/cntsistemas/.npm/80d5ca5a-protractor.lock
16 silly addNameRange { name: 'protractor', range: '*', hasData: false }
17 verbose request where is /protractor
18 verbose request registry https://registry.npmjs.org/
19 verbose request id 812d04220c6c67d5
20 verbose url raw /protractor
21 verbose url resolving [ 'https://registry.npmjs.org/', './protractor' ]
22 verbose url resolved https://registry.npmjs.org/protractor
23 verbose request where is https://registry.npmjs.org/protractor
24 info trying registry request attempt 1 at 07:33:56
25 http GET https://registry.npmjs.org/protractor
26 http 200 https://registry.npmjs.org/protractor
27 silly registry.get cb [ 200,
27 silly registry.get   { date: 'Fri, 16 Jan 2015 10:33:57 GMT',
27 silly registry.get     server: 'CouchDB/1.5.0 (Erlang OTP/R16B03)',
27 silly registry.get     etag: '"E34F5UUPO9XFVXKRQ549ENXNY"',
27 silly registry.get     'content-type': 'application/json',
27 silly registry.get     'cache-control': 'max-age=60',
27 silly registry.get     'content-length': '80353',
27 silly registry.get     'accept-ranges': 'bytes',
27 silly registry.get     via: '1.1 varnish',
27 silly registry.get     age: '42',
27 silly registry.get     'x-served-by': 'cache-atl6221-ATL',
27 silly registry.get     'x-cache': 'HIT',
27 silly registry.get     'x-cache-hits': '1',
27 silly registry.get     'x-timer': 'S1421404437.488336,VS0,VE1',
27 silly registry.get     vary: 'Accept',
27 silly registry.get     'keep-alive': 'timeout=10, max=50',
27 silly registry.get     connection: 'Keep-Alive' } ]
28 silly addNameRange number 2 { name: 'protractor', range: '*', hasData: true }
29 silly addNameRange versions [ 'protractor',
29 silly addNameRange   [ '0.1.0',
29 silly addNameRange     '0.1.1',
29 silly addNameRange     '0.1.2',
29 silly addNameRange     '0.1.3',
29 silly addNameRange     '0.2.0',
29 silly addNameRange     '0.2.1',
29 silly addNameRange     '0.3.0',
29 silly addNameRange     '0.4.0',
29 silly addNameRange     '0.4.1',
29 silly addNameRange     '0.5.0',
29 silly addNameRange     '0.6.1',
29 silly addNameRange     '0.7.0',
29 silly addNameRange     '0.8.0',
29 silly addNameRange     '0.9.0',
29 silly addNameRange     '0.10.0',
29 silly addNameRange     '0.11.0',
29 silly addNameRange     '0.12.0',
29 silly addNameRange     '0.12.1',
29 silly addNameRange     '0.13.0',
29 silly addNameRange     '0.14.0',
29 silly addNameRange     '0.15.0',
29 silly addNameRange     '0.16.0',
29 silly addNameRange     '0.16.1',
29 silly addNameRange     '0.17.0',
29 silly addNameRange     '0.18.0',
29 silly addNameRange     '0.18.1',
29 silly addNameRange     '0.19.0',
29 silly addNameRange     '0.20.0',
29 silly addNameRange     '0.20.1',
29 silly addNameRange     '0.21.0',
29 silly addNameRange     '0.22.0',
29 silly addNameRange     '0.23.0',
29 silly addNameRange     '0.23.1',
29 silly addNameRange     '0.24.0',
29 silly addNameRange     '0.24.1',
29 silly addNameRange     '0.24.2',
29 silly addNameRange     '1.0.0-rc1',
29 silly addNameRange     '1.0.0-rc2',
29 silly addNameRange     '1.0.0-rc3',
29 silly addNameRange     '1.0.0-rc4',
29 silly addNameRange     '1.0.0-rc5',
29 silly addNameRange     '1.0.0-rc6',
29 silly addNameRange     '1.0.0',
29 silly addNameRange     '1.1.0',
29 silly addNameRange     '1.1.1',
29 silly addNameRange     '1.2.0-beta1',
29 silly addNameRange     '1.2.0',
29 silly addNameRange     '1.3.0',
29 silly addNameRange     '1.3.1',
29 silly addNameRange     '1.4.0',
29 silly addNameRange     '1.5.0',
29 silly addNameRange     '1.6.0',
29 silly addNameRange     '1.6.1' ] ]
30 verbose addNamed [ 'protractor', '1.6.1' ]
31 verbose addNamed [ '1.6.1', '1.6.1' ]
32 silly lockFile 32f7aa4b-protractor-1-6-1 protractor@1.6.1
33 verbose lock protractor@1.6.1 /home/cntsistemas/.npm/32f7aa4b-protractor-1-6-1.lock
34 silly lockFile 2f00acef--protractor-protractor-1-6-1-tgz https://registry.npmjs.org/protractor/-/protractor-1.6.1.tgz
35 verbose lock https://registry.npmjs.org/protractor/-/protractor-1.6.1.tgz /home/cntsistemas/.npm/2f00acef--protractor-protractor-1-6-1-tgz.lock
36 verbose addRemoteTarball [ 'https://registry.npmjs.org/protractor/-/protractor-1.6.1.tgz',
36 verbose addRemoteTarball   '10d9851cb9ed253df51c7d463f4dd2b4a0f0bf44' ]
37 info retry fetch attempt 1 at 07:33:58
38 verbose fetch to= /tmp/npm-3921-MIj5DNVs/registry.npmjs.org/protractor/-/protractor-1.6.1.tgz
39 http GET https://registry.npmjs.org/protractor/-/protractor-1.6.1.tgz
40 http 200 https://registry.npmjs.org/protractor/-/protractor-1.6.1.tgz
41 silly lockFile 2f00acef--protractor-protractor-1-6-1-tgz https://registry.npmjs.org/protractor/-/protractor-1.6.1.tgz
42 silly lockFile 2f00acef--protractor-protractor-1-6-1-tgz https://registry.npmjs.org/protractor/-/protractor-1.6.1.tgz
43 silly lockFile 32f7aa4b-protractor-1-6-1 protractor@1.6.1
44 silly lockFile 32f7aa4b-protractor-1-6-1 protractor@1.6.1
45 silly lockFile 80d5ca5a-protractor protractor@
46 silly lockFile 80d5ca5a-protractor protractor@
47 silly resolved [ { name: 'protractor',
47 silly resolved     description: 'Webdriver E2E test wrapper for Angular.',
47 silly resolved     homepage: 'https://github.com/angular/protractor',
47 silly resolved     keywords:
47 silly resolved      [ 'angular',
47 silly resolved        'test',
47 silly resolved        'testing',
47 silly resolved        'webdriver',
47 silly resolved        'webdriverjs',
47 silly resolved        'selenium' ],
47 silly resolved     author: { name: 'Julie Ralph', email: 'ju.ralph@gmail.com' },
47 silly resolved     dependencies:
47 silly resolved      { request: '~2.36.0',
47 silly resolved        'selenium-webdriver': '2.44.0',
47 silly resolved        minijasminenode: '1.1.1',
47 silly resolved        jasminewd: '1.1.0',
47 silly resolved        jasminewd2: '0.0.2',
47 silly resolved        jasmine: '2.1.1',
47 silly resolved        saucelabs: '~0.1.0',
47 silly resolved        glob: '~3.2',
47 silly resolved        'adm-zip': '0.4.4',
47 silly resolved        optimist: '~0.6.0',
47 silly resolved        q: '1.0.0',
47 silly resolved        lodash: '~2.4.1',
47 silly resolved        'source-map-support': '~0.2.6' },
47 silly resolved     devDependencies:
47 silly resolved      { 'expect.js': '~0.2.0',
47 silly resolved        chai: '~1.8.1',
47 silly resolved        'chai-as-promised': '~4.1.0',
47 silly resolved        'jasmine-reporters': '~0.2.1',
47 silly resolved        jshint: '2.5.0',
47 silly resolved        mocha: '1.21.4',
47 silly resolved        cucumber: '~0.3.3',
47 silly resolved        express: '~3.3.4',
47 silly resolved        lodash: '~2.4.1',
47 silly resolved        rimraf: '~2.2.6' },
47 silly resolved     repository: { type: 'git', url: 'git://github.com/angular/protractor.git' },
47 silly resolved     bin:
47 silly resolved      { protractor: 'bin/protractor',
47 silly resolved        'webdriver-manager': 'bin/webdriver-manager' },
47 silly resolved     main: 'lib/protractor.js',
47 silly resolved     scripts:
47 silly resolved      { pretest: 'jshint lib spec scripts',
47 silly resolved        test: 'node scripts/test.js',
47 silly resolved        start: 'node testapp/scripts/web-server.js' },
47 silly resolved     license: 'MIT',
47 silly resolved     version: '1.6.1',
47 silly resolved     gitHead: 'f9ce40dd2a8cba9e8b30433e61056a96d913041c',
47 silly resolved     bugs: { url: 'https://github.com/angular/protractor/issues' },
47 silly resolved     _id: 'protractor@1.6.1',
47 silly resolved     _shasum: '10d9851cb9ed253df51c7d463f4dd2b4a0f0bf44',
47 silly resolved     _from: 'protractor@',
47 silly resolved     _npmVersion: '1.4.14',
47 silly resolved     _npmUser: { name: 'juliemr', email: 'ju.ralph@gmail.com' },
47 silly resolved     maintainers: [ [Object], [Object] ],
47 silly resolved     dist:
47 silly resolved      { shasum: '10d9851cb9ed253df51c7d463f4dd2b4a0f0bf44',
47 silly resolved        tarball: 'http://registry.npmjs.org/protractor/-/protractor-1.6.1.tgz' },
47 silly resolved     directories: {},
47 silly resolved     _resolved: 'https://registry.npmjs.org/protractor/-/protractor-1.6.1.tgz' } ]
48 info install protractor@1.6.1 into /usr/lib
49 info installOne protractor@1.6.1
50 verbose lib/node_modules/protractor unbuild
51 verbose tar unpack /home/cntsistemas/.npm/protractor/1.6.1/package.tgz
52 silly lockFile 217511f3--usr-lib-node-modules-protractor tar:///usr/lib/node_modules/protractor
53 verbose lock tar:///usr/lib/node_modules/protractor /home/cntsistemas/.npm/217511f3--usr-lib-node-modules-protractor.lock
54 silly lockFile 00c20b2a-npm-protractor-1-6-1-package-tgz tar:///home/cntsistemas/.npm/protractor/1.6.1/package.tgz
55 verbose lock tar:///home/cntsistemas/.npm/protractor/1.6.1/package.tgz /home/cntsistemas/.npm/00c20b2a-npm-protractor-1-6-1-package-tgz.lock
56 silly gunzTarPerm modes [ '775', '664' ]
57 error Error: EACCES, mkdir '/usr/lib/node_modules/protractor'
57 error  { [Error: EACCES, mkdir '/usr/lib/node_modules/protractor']
57 error   errno: 3,
57 error   code: 'EACCES',
57 error   path: '/usr/lib/node_modules/protractor',
57 error   fstream_type: 'Directory',
57 error   fstream_path: '/usr/lib/node_modules/protractor',
57 error   fstream_class: 'DirWriter',
57 error   fstream_stack:
57 error    [ '/usr/lib/node_modules/npm/node_modules/fstream/lib/dir-writer.js:36:23',
57 error      '/usr/lib/node_modules/npm/node_modules/mkdirp/index.js:46:53',
57 error      'Object.oncomplete (fs.js:108:15)' ] }
58 error Please try running this command again as root/Administrator.
59 error System Linux 3.16.0-29-generic
60 error command "/usr/bin/node" "/usr/bin/npm" "install" "-g" "protractor"
61 error cwd /opt/lampp/htdocs/livro-AngularUI-Code/capitulo1
62 error node -v v0.10.35
63 error npm -v 1.4.28
64 error path /usr/lib/node_modules/protractor
65 error fstream_path /usr/lib/node_modules/protractor
66 error fstream_type Directory
67 error fstream_class DirWriter
68 error code EACCES
69 error errno 3
70 error stack Error: EACCES, mkdir '/usr/lib/node_modules/protractor'
71 error fstream_stack /usr/lib/node_modules/npm/node_modules/fstream/lib/dir-writer.js:36:23
71 error fstream_stack /usr/lib/node_modules/npm/node_modules/mkdirp/index.js:46:53
71 error fstream_stack Object.oncomplete (fs.js:108:15)
72 verbose exit [ 3, true ]
